Unity Editor version:    2020.3.25f1 (9b9180224418)
Branch:                  2020.3/staging
Build type:              Release
Batch mode:              YES
macOS version:           Version 12.1 (Build 21C52)
Darwin version:          21.2.0
Architecture:            x86_64
Running under Rosetta:   NO
Available memory:        16384 MB
Using pre-set license
Pro License: NO

COMMAND LINE ARGUMENTS:
/Applications/Unity/Hub/Editor/2020.3.25f1/Unity.app/Contents/MacOS/Unity
-adb2
-batchMode
-noUpm
-name
AssetImportWorker0
-projectPath
/Users/pi/Documents/GitHub/Oculus-Ultraleap-Hand-Template
-logFile
Logs/AssetImportWorker0.log
-srvPort
49221
Successfully changed project path to: /Users/pi/Documents/GitHub/Oculus-Ultraleap-Hand-Template
/Users/pi/Documents/GitHub/Oculus-Ultraleap-Hand-Template
Using Asset Import Pipeline V2.
Refreshing native plugins compatible for Editor in 124.98 ms, found 6 plugins.
Preloading 1 native plugins for Editor in 12.45 ms.
Initialize engine version: 2020.3.25f1 (9b9180224418)
[Subsystems] Discovering subsystems at path /Applications/Unity/Hub/Editor/2020.3.25f1/Unity.app/Contents/Resources/UnitySubsystems
[Subsystems] Discovering subsystems at path /Users/pi/Documents/GitHub/Oculus-Ultraleap-Hand-Template/Assets
GfxDevice: creating device client; threaded=0
2022-06-09 10:08:26.617 Unity[1209:11306] Color LCD preferred device: Intel(R) Iris(TM) Plus Graphics (low power)
2022-06-09 10:08:26.617 Unity[1209:11306] Metal devices available: 1
2022-06-09 10:08:26.617 Unity[1209:11306] 0: Intel(R) Iris(TM) Plus Graphics (low power)
2022-06-09 10:08:26.617 Unity[1209:11306] Using device Intel(R) Iris(TM) Plus Graphics (low power)
Initializing Metal device caps: Intel(R) Iris(TM) Plus Graphics
Shader 'Oculus/OVRMRCameraFrameLit': fallback shader 'Alpha-Diffuse' not found
Initialize mono
Mono path[0] = '/Applications/Unity/Hub/Editor/2020.3.25f1/Unity.app/Contents/Managed'
Mono path[1] = '/Applications/Unity/Hub/Editor/2020.3.25f1/Unity.app/Contents/MonoBleedingEdge/lib/mono/unityjit'
Mono config path = '/Applications/Unity/Hub/Editor/2020.3.25f1/Unity.app/Contents/MonoBleedingEdge/etc'
Using monoOptions --debugger-agent=transport=dt_socket,embedding=1,server=y,suspend=n,address=127.0.0.1:56209
Begin MonoManager ReloadAssembly
Registering precompiled unity dll's ...
Register platform support module: /Applications/Unity/Hub/Editor/2020.3.25f1/PlaybackEngines/WebGLSupport/UnityEditor.WebGL.Extensions.dll
Register platform support module: /Applications/Unity/Hub/Editor/2020.3.25f1/Unity.app/Contents/PlaybackEngines/MacStandaloneSupport/UnityEditor.OSXStandalone.Extensions.dll
Register platform support module: /Applications/Unity/Hub/Editor/2020.3.25f1/PlaybackEngines/WindowsStandaloneSupport/UnityEditor.WindowsStandalone.Extensions.dll
Registered in 0.001426 seconds.
Native extension for WindowsStandalone target not found
Native extension for OSXStandalone target not found
Native extension for WebGL target not found
Refreshing native plugins compatible for Editor in 362.97 ms, found 6 plugins.
Preloading 1 native plugins for Editor in 0.84 ms.
Mono: successfully reloaded assembly
- Completed reload, in  1.572 seconds
Domain Reload Profiling:
	ReloadAssembly (1573ms)
		BeginReloadAssembly (82ms)
			ExecutionOrderSort (0ms)
			DisableScriptedObjects (0ms)
			BackupInstance (0ms)
			ReleaseScriptingObjects (0ms)
			CreateAndSetChildDomain (1ms)
		EndReloadAssembly (1315ms)
			LoadAssemblies (81ms)
			RebuildTransferFunctionScriptingTraits (0ms)
			SetupTypeCache (270ms)
			ReleaseScriptCaches (0ms)
			RebuildScriptCaches (139ms)
			SetupLoadedEditorAssemblies (686ms)
				LogAssemblyErrors (0ms)
				InitializePlatformSupportModulesInManaged (10ms)
				SetLoadedEditorAssemblies (0ms)
				RefreshPlugins (364ms)
				BeforeProcessingInitializeOnLoad (13ms)
				ProcessInitializeOnLoadAttributes (204ms)
				ProcessInitializeOnLoadMethodAttributes (95ms)
				AfterProcessingInitializeOnLoad (0ms)
				EditorAssembliesLoaded (0ms)
			ExecutionOrderSort2 (0ms)
			AwakeInstancesAfterBackupRestoration (0ms)
Platform modules already initialized, skipping
Registering precompiled user dll's ...
Registered in 0.005539 seconds.
Begin MonoManager ReloadAssembly
Native extension for WindowsStandalone target not found
Native extension for OSXStandalone target not found
Native extension for WebGL target not found
Refreshing native plugins compatible for Editor in 1.44 ms, found 6 plugins.
Preloading 1 native plugins for Editor in 0.84 ms.
Mono: successfully reloaded assembly
- Completed reload, in  1.771 seconds
Domain Reload Profiling:
	ReloadAssembly (1772ms)
		BeginReloadAssembly (198ms)
			ExecutionOrderSort (0ms)
			DisableScriptedObjects (5ms)
			BackupInstance (0ms)
			ReleaseScriptingObjects (0ms)
			CreateAndSetChildDomain (27ms)
		EndReloadAssembly (1481ms)
			LoadAssemblies (130ms)
			RebuildTransferFunctionScriptingTraits (0ms)
			SetupTypeCache (553ms)
			ReleaseScriptCaches (1ms)
			RebuildScriptCaches (121ms)
			SetupLoadedEditorAssemblies (509ms)
				LogAssemblyErrors (0ms)
				InitializePlatformSupportModulesInManaged (9ms)
				SetLoadedEditorAssemblies (1ms)
				RefreshPlugins (2ms)
				BeforeProcessingInitializeOnLoad (100ms)
				ProcessInitializeOnLoadAttributes (379ms)
				ProcessInitializeOnLoadMethodAttributes (15ms)
				AfterProcessingInitializeOnLoad (2ms)
				EditorAssembliesLoaded (0ms)
			ExecutionOrderSort2 (0ms)
			AwakeInstancesAfterBackupRestoration (12ms)
Platform modules already initialized, skipping
Validating Project structure ... 0.264815 seconds.
Shader import version has changed; will reimport all shaders...
Upgrading shader files ...0.116764 seconds.
Application.AssetDatabase Initial Script Refresh Start
RefreshInfo: InitialScriptRefreshV2(NoUpdateAssetOptions) scanfilter:  ... 1 filters
RefreshProfiler: Total: 0.000ms
Application.AssetDatabase Initial Script Refresh End
Application.AssetDatabase.Refresh Start
Application.AssetDatabase.Refresh End
RefreshInfo: StopAssetImportingV2(ForceSynchronousImport) scanfilter: 
RefreshProfiler: Total: 0.000ms
Shader 'Oculus/OVRMRCameraFrameLit': fallback shader 'Alpha-Diffuse' not found
Launching external process: /Applications/Unity/Hub/Editor/2020.3.25f1/Unity.app/Contents/Tools/UnityShaderCompiler
Launched and connected shader compiler UnityShaderCompiler after 0.01 seconds
Initializing Unity extensions:
2022-06-09 10:08:33.272 Unity[1209:11306] NSEventModifierFlagFunction specified to -setKeyEquivalentModifierMask: for item <NSMenuItem: 0x60000056f020 Font Asset, ke='Command-F12'>, but is only supported for system-provided menu items; will not be used
2022-06-09 10:08:33.288 Unity[1209:11306] NSEventModifierFlagFunction specified to -setKeyEquivalentModifierMask: for item <NSMenuItem: 0x6000005057a0 Font Asset, ke='Command-F12'>, but is only supported for system-provided menu items; will not be used
========================================================================
Worker process is ready to serve import requests
Shader 'Oculus/OVRMRCameraFrameLit': fallback shader 'Alpha-Diffuse' not found
Refreshing native plugins compatible for Editor in 1.16 ms, found 6 plugins.
Preloading 1 native plugins for Editor in 0.82 ms.
Unloading 3046 Unused Serialized files (Serialized files now loaded: 0)
System memory in use before: 238.7 MB.
System memory in use after: 237.6 MB.

Unloading 617 unused Assets to reduce memory usage. Loaded Objects now: 3502.
Total: 5.617887 ms (FindLiveObjects: 0.402516 ms CreateObjectMapping: 0.214889 ms MarkObjects: 3.914677 ms  DeleteObjects: 1.084498 ms)

AssetImportParameters requested are different than current active one (requested -> active):
  custom:video-decoder-ogg-theora: a1e56fd34408186e4bbccfd4996cb3dc -> 
  custom:container-muxer-webm: aa71ff27fc2769a1b78a27578f13a17b -> 
  custom:container-demuxer-webm: 4f35f7cbe854078d1ac9338744f61a02 -> 
  custom:container-demuxer-ogg: 62fdf1f143b41e24485cea50d1cbac27 -> 
  custom:video-encoder-webm-vp8: eb34c28f22e8b96e1ab97ce403110664 -> 
  custom:framework-osx-AVFoundation: e770b220cccbd017edd2c1fefb359320 -> 
  custom:video-decoder-webm-vp8: 9c59270c3fd7afecdb556c50c9e8de78 -> 
  custom:audio-decoder-ogg-vorbis: bf7c407c2cedff20999df2af8eb42d56 -> 
  custom:audio-encoder-webm-vorbis: bf7c407c2cedff20999df2af8eb42d56 -> 
========================================================================
Received Import Request.
  path: Assets/HandyHands
  artifactKey: Guid(028ed885ba69d0c459cf9a7de9fdc183) Importer(815301076,1909f56bfc062723c751e8b465ee728b)
Start importing Assets/HandyHands using Guid(028ed885ba69d0c459cf9a7de9fdc183) Importer(815301076,1909f56bfc062723c751e8b465ee728b)  -> (artifact id: 'e0aa8dff0e0c01e2501ca8340483dedc') in 0.007434 seconds 
  Import took 0.013780 seconds .

========================================================================
Received Import Request.
  Time since last request: 392.107907 seconds.
  path: Assets/Oculus/Interaction/Runtime/Prefabs/Debug/HandShapeSkeletalDebugVisual.prefab
  artifactKey: Guid(4b8a7a9b6cd7ab64d8c0202c46aed437) Importer(815301076,1909f56bfc062723c751e8b465ee728b)
Start importing Assets/Oculus/Interaction/Runtime/Prefabs/Debug/HandShapeSkeletalDebugVisual.prefab using Guid(4b8a7a9b6cd7ab64d8c0202c46aed437) Importer(815301076,1909f56bfc062723c751e8b465ee728b)  -> (artifact id: 'd411bf8bc110c50c863e56d3d51a53e7') in 0.191684 seconds 
  Import took 0.201056 seconds .

========================================================================
Received Import Request.
  Time since last request: 2.965037 seconds.
  path: Assets/Oculus/SampleFramework/Core/CustomHands/Models/r_hand_skeletal_lowres.fbx
  artifactKey: Guid(d0c255d07fd68f14b94e55d388e7e6bb) Importer(815301076,1909f56bfc062723c751e8b465ee728b)
Start importing Assets/Oculus/SampleFramework/Core/CustomHands/Models/r_hand_skeletal_lowres.fbx using Guid(d0c255d07fd68f14b94e55d388e7e6bb) Importer(815301076,1909f56bfc062723c751e8b465ee728b)  -> (artifact id: '66c47a1e9bede27cae19c38ef6c90019') in 0.937712 seconds 
  Import took 0.946210 seconds .

========================================================================
Received Import Request.
  Time since last request: 4.694319 seconds.
  path: Assets/Oculus/SampleFramework/Core/CustomHands/Models/l_hand_skeletal_lowres.fbx
  artifactKey: Guid(ca20b3907ff1c794cb89c1ad2cce8282) Importer(815301076,1909f56bfc062723c751e8b465ee728b)
Start importing Assets/Oculus/SampleFramework/Core/CustomHands/Models/l_hand_skeletal_lowres.fbx using Guid(ca20b3907ff1c794cb89c1ad2cce8282) Importer(815301076,1909f56bfc062723c751e8b465ee728b)  -> (artifact id: '338657055ff05309fde6d5240ca1708a') in 0.054118 seconds 
  Import took 0.060633 seconds .

========================================================================
Received Import Request.
  Time since last request: 2.754011 seconds.
  path: Assets/ThirdParty/Ultraleap/Tracking/Examples/Hands Examples/Hands (HDRP)/Prefabs/Skeleton Hands (HDRP) Variant.prefab
  artifactKey: Guid(f1147a11c44d1204aa2d0a101f94e0ef) Importer(815301076,1909f56bfc062723c751e8b465ee728b)
Start importing Assets/ThirdParty/Ultraleap/Tracking/Examples/Hands Examples/Hands (HDRP)/Prefabs/Skeleton Hands (HDRP) Variant.prefab using Guid(f1147a11c44d1204aa2d0a101f94e0ef) Importer(815301076,1909f56bfc062723c751e8b465ee728b)  -> (artifact id: 'fbf98f646094668962766c3df8277e3f') in 0.064433 seconds 
  Import took 0.074631 seconds .

========================================================================
Received Import Request.
  Time since last request: 0.832796 seconds.
  path: Assets/ThirdParty/Ultraleap/Tracking/Examples/Hands Examples/Hands (URP)/Prefabs/Skeleton Hands (URP) Variant.prefab
  artifactKey: Guid(f1a2c7a6fb148664eabf5aad36e0aafc) Importer(815301076,1909f56bfc062723c751e8b465ee728b)
Start importing Assets/ThirdParty/Ultraleap/Tracking/Examples/Hands Examples/Hands (URP)/Prefabs/Skeleton Hands (URP) Variant.prefab using Guid(f1a2c7a6fb148664eabf5aad36e0aafc) Importer(815301076,1909f56bfc062723c751e8b465ee728b)  -> (artifact id: '5f9491794e4f9acedda64f52051b5a47') in 0.053326 seconds 
  Import took 0.065548 seconds .

========================================================================
Received Import Request.
  Time since last request: 2.340309 seconds.
  path: Assets/ThirdParty/Ultraleap/Tracking/Hands/Runtime/Prefabs/SkeletonHands.prefab
  artifactKey: Guid(fa1f99719015b5649bec3f061b234469) Importer(815301076,1909f56bfc062723c751e8b465ee728b)
Start importing Assets/ThirdParty/Ultraleap/Tracking/Hands/Runtime/Prefabs/SkeletonHands.prefab using Guid(fa1f99719015b5649bec3f061b234469) Importer(815301076,1909f56bfc062723c751e8b465ee728b)  -> (artifact id: '8f60844feadb4c6cf9ee4fadc3e5255a') in 0.077481 seconds 
  Import took 0.084912 seconds .

========================================================================
Received Import Request.
  Time since last request: 6.756769 seconds.
  path: Assets/ThirdParty/Ultraleap/Tracking/Hands/Runtime/Models/Skeleton/Textures/Skeleton Arm_phong1_AlbedoTransparency.png
  artifactKey: Guid(d0c20f82e7a2417409bb113fc0ab6bc8) Importer(815301076,1909f56bfc062723c751e8b465ee728b)
Start importing Assets/ThirdParty/Ultraleap/Tracking/Hands/Runtime/Models/Skeleton/Textures/Skeleton Arm_phong1_AlbedoTransparency.png using Guid(d0c20f82e7a2417409bb113fc0ab6bc8) Importer(815301076,1909f56bfc062723c751e8b465ee728b)  -> (artifact id: 'fc7408dee50985f0407332e14c64c6cd') in 1.436415 seconds 
  Import took 1.446517 seconds .

========================================================================
Received Import Request.
  Time since last request: 0.000698 seconds.
  path: Assets/ThirdParty/Ultraleap/Tracking/Hands/Runtime/Models/Skeleton/SkeletonArm_MeshUnderBones.fbx
  artifactKey: Guid(371992c1d2372234b968dc6c00d250c8) Importer(815301076,1909f56bfc062723c751e8b465ee728b)
Start importing Assets/ThirdParty/Ultraleap/Tracking/Hands/Runtime/Models/Skeleton/SkeletonArm_MeshUnderBones.fbx using Guid(371992c1d2372234b968dc6c00d250c8) Importer(815301076,1909f56bfc062723c751e8b465ee728b)  -> (artifact id: '205b3a8601358ca4f464e3ca42980e56') in 0.192016 seconds 
  Import took 0.199563 seconds .

========================================================================
Received Import Request.
  Time since last request: 90.737967 seconds.
  path: Assets/ThirdParty/Ultraleap/Tracking/Hands/Runtime/Prefabs/CapsuleHands.prefab
  artifactKey: Guid(8163655ae6e81f149b112acc9972a9d3) Importer(815301076,1909f56bfc062723c751e8b465ee728b)
Start importing Assets/ThirdParty/Ultraleap/Tracking/Hands/Runtime/Prefabs/CapsuleHands.prefab using Guid(8163655ae6e81f149b112acc9972a9d3) Importer(815301076,1909f56bfc062723c751e8b465ee728b)  -> (artifact id: 'd204aa5e41e5c0a92c242d3fab8524e6') in 0.012152 seconds 
  Import took 0.020351 seconds .

========================================================================
Received Import Request.
  Time since last request: 0.000579 seconds.
  path: Assets/ThirdParty/Ultraleap/Tracking/Hands/Runtime/Prefabs/OutlineHands.prefab
  artifactKey: Guid(1b43d6eb40db60b419700fd2677e79c4) Importer(815301076,1909f56bfc062723c751e8b465ee728b)
Start importing Assets/ThirdParty/Ultraleap/Tracking/Hands/Runtime/Prefabs/OutlineHands.prefab using Guid(1b43d6eb40db60b419700fd2677e79c4) Importer(815301076,1909f56bfc062723c751e8b465ee728b)  -> (artifact id: '850d5360145e7ae566e360bb25c3bebe') in 0.039425 seconds 
  Import took 0.049223 seconds .

========================================================================
Received Import Request.
  Time since last request: 0.000759 seconds.
  path: Assets/ThirdParty/Ultraleap/Tracking/Hands/Runtime/Prefabs/Distort Tracking Data.prefab
  artifactKey: Guid(1ba06a717a05f0c42bd1bc0f8356feb2) Importer(815301076,1909f56bfc062723c751e8b465ee728b)
Start importing Assets/ThirdParty/Ultraleap/Tracking/Hands/Runtime/Prefabs/Distort Tracking Data.prefab using Guid(1ba06a717a05f0c42bd1bc0f8356feb2) Importer(815301076,1909f56bfc062723c751e8b465ee728b)  -> (artifact id: 'd64a1ddc385b763095adf7fc030f9572') in 0.052560 seconds 
  Import took 0.066207 seconds .

========================================================================
Received Import Request.
  Time since last request: 0.000505 seconds.
  path: Assets/ThirdParty/Ultraleap/Tracking/Hands/Runtime/Prefabs/GenericHand_Arm.prefab
  artifactKey: Guid(85bdae4f36eb5b14c9fac95aec79bf2f) Importer(815301076,1909f56bfc062723c751e8b465ee728b)
Start importing Assets/ThirdParty/Ultraleap/Tracking/Hands/Runtime/Prefabs/GenericHand_Arm.prefab using Guid(85bdae4f36eb5b14c9fac95aec79bf2f) Importer(815301076,1909f56bfc062723c751e8b465ee728b)  -> (artifact id: 'cce11ddf804f94396b5e37b86ac7da11') in 0.019157 seconds 
  Import took 0.029599 seconds .

========================================================================
Received Import Request.
  Time since last request: 0.000473 seconds.
  path: Assets/ThirdParty/Ultraleap/Tracking/Hands/Runtime/Prefabs/GhostHands.prefab
  artifactKey: Guid(e7e358565e530214c97adba8c82fedc6) Importer(815301076,1909f56bfc062723c751e8b465ee728b)
Start importing Assets/ThirdParty/Ultraleap/Tracking/Hands/Runtime/Prefabs/GhostHands.prefab using Guid(e7e358565e530214c97adba8c82fedc6) Importer(815301076,1909f56bfc062723c751e8b465ee728b)  -> (artifact id: '73ce8140224d0b95929ed161a8becf5b') in 0.027148 seconds 
  Import took 0.039476 seconds .

========================================================================
Received Import Request.
  Time since last request: 0.000512 seconds.
  path: Assets/ThirdParty/Ultraleap/Tracking/Hands/Runtime/Prefabs/LowPolyHands.prefab
  artifactKey: Guid(1d338fed0ed7df84a86c220153fbcc35) Importer(815301076,1909f56bfc062723c751e8b465ee728b)
Start importing Assets/ThirdParty/Ultraleap/Tracking/Hands/Runtime/Prefabs/LowPolyHands.prefab using Guid(1d338fed0ed7df84a86c220153fbcc35) Importer(815301076,1909f56bfc062723c751e8b465ee728b)  -> (artifact id: '2a9824aac3c23a80e29fd1eedd5863aa') in 0.027821 seconds 
  Import took 0.039860 seconds .

========================================================================
Received Import Request.
  Time since last request: 1137.503414 seconds.
  path: Assets/ThirdParty/Ultraleap/Tracking/Core/Runtime/Prefabs/HandModelsNonHuman/Capsule Hand Left.prefab
  artifactKey: Guid(869d20cdda15af24aab9e72b5f2eec78) Importer(815301076,1909f56bfc062723c751e8b465ee728b)
Start importing Assets/ThirdParty/Ultraleap/Tracking/Core/Runtime/Prefabs/HandModelsNonHuman/Capsule Hand Left.prefab using Guid(869d20cdda15af24aab9e72b5f2eec78) Importer(815301076,1909f56bfc062723c751e8b465ee728b)  -> (artifact id: '966e4104c2c0a51b82798cb31abf9a63') in 0.005571 seconds 
  Import took 0.011395 seconds .

========================================================================
Received Import Request.
  Time since last request: 0.000266 seconds.
  path: Assets/HandyHands/Female_Hand_Left_Prefab.prefab
  artifactKey: Guid(e2bf29aacf273794fbc62908acf31081) Importer(815301076,1909f56bfc062723c751e8b465ee728b)
Start importing Assets/HandyHands/Female_Hand_Left_Prefab.prefab using Guid(e2bf29aacf273794fbc62908acf31081) Importer(815301076,1909f56bfc062723c751e8b465ee728b)  -> (artifact id: 'd96002bf522d4e5e1cf09209c10a6d88') in 0.134147 seconds 
  Import took 0.140659 seconds .

========================================================================
Received Import Request.
  Time since last request: 0.000484 seconds.
  path: Assets/Oculus/SampleFramework/Usage/SpatialAnchor/Textures/OCUI_24_Filled_2x.png
  artifactKey: Guid(7f186a9ac091755489927d745be0185a) Importer(815301076,1909f56bfc062723c751e8b465ee728b)
Start importing Assets/Oculus/SampleFramework/Usage/SpatialAnchor/Textures/OCUI_24_Filled_2x.png using Guid(7f186a9ac091755489927d745be0185a) Importer(815301076,1909f56bfc062723c751e8b465ee728b)  -> (artifact id: '6b072ca4ec7d38771b9abddfcb8b6824') in 1.295802 seconds 
  Import took 1.302418 seconds .

========================================================================
Received Import Request.
  Time since last request: 0.000379 seconds.
  path: Assets/HandyHands/Hand_Left_Prefab.prefab
  artifactKey: Guid(61e2e3d8747dafe4cac402d5e024c254) Importer(815301076,1909f56bfc062723c751e8b465ee728b)
Start importing Assets/HandyHands/Hand_Left_Prefab.prefab using Guid(61e2e3d8747dafe4cac402d5e024c254) Importer(815301076,1909f56bfc062723c751e8b465ee728b)  -> (artifact id: 'daa15dc61cfb6de68966dda4688fb359') in 0.052319 seconds 
  Import took 0.058595 seconds .

========================================================================
Received Import Request.
  Time since last request: 0.000326 seconds.
  path: Assets/Oculus/SampleFramework/Core/CustomHands/CustomHandLeft.prefab
  artifactKey: Guid(e6ba3498ffa1e534b91a07264266e6b8) Importer(815301076,1909f56bfc062723c751e8b465ee728b)
Start importing Assets/Oculus/SampleFramework/Core/CustomHands/CustomHandLeft.prefab using Guid(e6ba3498ffa1e534b91a07264266e6b8) Importer(815301076,1909f56bfc062723c751e8b465ee728b)  -> (artifact id: 'fd61cf058e857b1a6c0aa59323c64c67') in 0.056441 seconds 
  Import took 0.062785 seconds .

========================================================================
Received Import Request.
  Time since last request: 0.000324 seconds.
  path: Assets/HandyHands/Female_Hand_LeftAndRight_Prefab.prefab
  artifactKey: Guid(ff5a5074c3e70714f994d0e790b8726d) Importer(815301076,1909f56bfc062723c751e8b465ee728b)
Start importing Assets/HandyHands/Female_Hand_LeftAndRight_Prefab.prefab using Guid(ff5a5074c3e70714f994d0e790b8726d) Importer(815301076,1909f56bfc062723c751e8b465ee728b)  -> (artifact id: '939b2ceff17cb2996cbc1d6eb9c08eb7') in 0.032974 seconds 
  Import took 0.040005 seconds .

========================================================================
Received Import Request.
  Time since last request: 0.000232 seconds.
  path: Assets/Oculus/Interaction/Runtime/Prefabs/HandGrab/Ghost-LeftHand.prefab
  artifactKey: Guid(aca0706bac5a68a4394ac02275753161) Importer(815301076,1909f56bfc062723c751e8b465ee728b)
Start importing Assets/Oculus/Interaction/Runtime/Prefabs/HandGrab/Ghost-LeftHand.prefab using Guid(aca0706bac5a68a4394ac02275753161) Importer(815301076,1909f56bfc062723c751e8b465ee728b)  -> (artifact id: 'af0781ab9a55b4d2067dc0eb1cf1a26a') in 0.062315 seconds 
  Import took 0.067003 seconds .

========================================================================
Received Import Request.
  Time since last request: 0.000417 seconds.
  path: Assets/HandyHands/Models/Female_Hand_left.fbx
  artifactKey: Guid(c8712826ebca6d14da2ec1d2eb21fc1d) Importer(815301076,1909f56bfc062723c751e8b465ee728b)
Start importing Assets/HandyHands/Models/Female_Hand_left.fbx using Guid(c8712826ebca6d14da2ec1d2eb21fc1d) Importer(815301076,1909f56bfc062723c751e8b465ee728b)  -> (artifact id: 'db6b3a07637c82724f89b526b3c80941') in 0.036302 seconds 
  Import took 0.045588 seconds .

========================================================================
Received Import Request.
  Time since last request: 0.000515 seconds.
  path: Assets/HandyHands/Hand_LeftAndRight_Prefab.prefab
  artifactKey: Guid(8da4cfe14e104d9449e662dd013fcde3) Importer(815301076,1909f56bfc062723c751e8b465ee728b)
Start importing Assets/HandyHands/Hand_LeftAndRight_Prefab.prefab using Guid(8da4cfe14e104d9449e662dd013fcde3) Importer(815301076,1909f56bfc062723c751e8b465ee728b)  -> (artifact id: '4559b4009c77302a9dd800ae142fd535') in 0.023142 seconds 
  Import took 0.032432 seconds .

========================================================================
Received Import Request.
  Time since last request: 0.000298 seconds.
  path: Assets/Oculus/Interaction/Runtime/Meshes/HandLeft.asset
  artifactKey: Guid(d62eb29994855484da750dff41b8b018) Importer(815301076,1909f56bfc062723c751e8b465ee728b)
Start importing Assets/Oculus/Interaction/Runtime/Meshes/HandLeft.asset using Guid(d62eb29994855484da750dff41b8b018) Importer(815301076,1909f56bfc062723c751e8b465ee728b)  -> (artifact id: 'e3fd37ce22d82f6e72d3ebbf35ddcd7e') in 0.112629 seconds 
  Import took 0.121408 seconds .

========================================================================
Received Import Request.
  Time since last request: 0.000501 seconds.
  path: Assets/Oculus/Interaction/Samples/Textures/OCUIIconSet/OCUI_24_Outline_2x.png
  artifactKey: Guid(4f3b4a4ae58ad484e9fc92ab68a8ffef) Importer(815301076,1909f56bfc062723c751e8b465ee728b)
Start importing Assets/Oculus/Interaction/Samples/Textures/OCUIIconSet/OCUI_24_Outline_2x.png using Guid(4f3b4a4ae58ad484e9fc92ab68a8ffef) Importer(815301076,1909f56bfc062723c751e8b465ee728b)  -> (artifact id: '9075f6d5a2e0d67ea5d3bfbef0de82bd') in 1.196576 seconds 
  Import took 1.203155 seconds .

========================================================================
Received Import Request.
  Time since last request: 0.000532 seconds.
  path: Assets/Oculus/SampleFramework/Core/DistanceGrab/Prefabs/DistanceGrabHandLeft.prefab
  artifactKey: Guid(0242aa8515b4bc947a945a5c6df83ee9) Importer(815301076,1909f56bfc062723c751e8b465ee728b)
Start importing Assets/Oculus/SampleFramework/Core/DistanceGrab/Prefabs/DistanceGrabHandLeft.prefab using Guid(0242aa8515b4bc947a945a5c6df83ee9) Importer(815301076,1909f56bfc062723c751e8b465ee728b)  -> (artifact id: '76090a7a1461c92b373685cc2f524d84') in 0.037571 seconds 
  Import took 0.045776 seconds .

========================================================================
Received Import Request.
  Time since last request: 0.000531 seconds.
  path: Assets/Oculus/Interaction/Samples/Textures/OCUIIconSet/OCUI_24_Filled_2x.png
  artifactKey: Guid(64f884351318b694f942625580e64a8b) Importer(815301076,1909f56bfc062723c751e8b465ee728b)
Start importing Assets/Oculus/Interaction/Samples/Textures/OCUIIconSet/OCUI_24_Filled_2x.png using Guid(64f884351318b694f942625580e64a8b) Importer(815301076,1909f56bfc062723c751e8b465ee728b)  -> (artifact id: '8aa507eb4925d4cb5a0c38e89c15b4b1') in 1.367612 seconds 
  Import took 1.375236 seconds .

========================================================================
Received Import Request.
  Time since last request: 3.661531 seconds.
  path: Assets/ThirdParty/Ultraleap/Tracking/Interaction Engine/Runtime/Prefabs/Interaction Controllers/Interaction Hand (Left).prefab
  artifactKey: Guid(8b0fa35b4cedcf243b23166070e235ec) Importer(815301076,1909f56bfc062723c751e8b465ee728b)
Start importing Assets/ThirdParty/Ultraleap/Tracking/Interaction Engine/Runtime/Prefabs/Interaction Controllers/Interaction Hand (Left).prefab using Guid(8b0fa35b4cedcf243b23166070e235ec) Importer(815301076,1909f56bfc062723c751e8b465ee728b)  -> (artifact id: '0d61ac074cbeb3890a06fe7d7c87a514') in 0.020630 seconds 
  Import took 0.029514 seconds .

========================================================================
Received Import Request.
  Time since last request: 0.000349 seconds.
  path: Assets/Oculus/VR/Meshes/OculusTouchForQuest2/OculusTouchForQuest2_Left.fbx
  artifactKey: Guid(8b83018900d13bb4f8e0ad895cb004e5) Importer(815301076,1909f56bfc062723c751e8b465ee728b)
Start importing Assets/Oculus/VR/Meshes/OculusTouchForQuest2/OculusTouchForQuest2_Left.fbx using Guid(8b83018900d13bb4f8e0ad895cb004e5) Importer(815301076,1909f56bfc062723c751e8b465ee728b)  -> (artifact id: '25a669feb4b9aa019f67131a484ee28b') in 0.296289 seconds 
  Import took 0.301427 seconds .

========================================================================
Received Import Request.
  Time since last request: 7.050399 seconds.
  path: Assets/Oculus/SampleFramework/Usage/SceneManager/Models/FurnitureSamples.fbx
  artifactKey: Guid(7a109b977f513824da5b75db64b1998d) Importer(815301076,1909f56bfc062723c751e8b465ee728b)
Start importing Assets/Oculus/SampleFramework/Usage/SceneManager/Models/FurnitureSamples.fbx using Guid(7a109b977f513824da5b75db64b1998d) Importer(815301076,1909f56bfc062723c751e8b465ee728b)  -> (artifact id: '7a5e0da538bce7f6dc46a30e50b40e3e') in 0.326368 seconds 
  Import took 0.333183 seconds .

========================================================================
Received Import Request.
  Time since last request: 0.000481 seconds.
  path: Assets/Oculus/SampleFramework/Usage/SceneManager/Prefabs/FurniturePrefabs/GenericPrefab.prefab
  artifactKey: Guid(4448d19be5174b04aaffd0f79363db90) Importer(815301076,1909f56bfc062723c751e8b465ee728b)
Start importing Assets/Oculus/SampleFramework/Usage/SceneManager/Prefabs/FurniturePrefabs/GenericPrefab.prefab using Guid(4448d19be5174b04aaffd0f79363db90) Importer(815301076,1909f56bfc062723c751e8b465ee728b)  -> (artifact id: '79602d884e3140a76a6c023dd8bd1b15') in 0.021791 seconds 
  Import took 0.026972 seconds .

========================================================================
Received Import Request.
  Time since last request: 0.000518 seconds.
  path: Assets/ThirdParty/Ultraleap/Tracking/Hands/Runtime/Models/GenericHand/GenericHand_Arm.fbx
  artifactKey: Guid(f68d0f73483e802498099f2c43df3216) Importer(815301076,1909f56bfc062723c751e8b465ee728b)
Start importing Assets/ThirdParty/Ultraleap/Tracking/Hands/Runtime/Models/GenericHand/GenericHand_Arm.fbx using Guid(f68d0f73483e802498099f2c43df3216) Importer(815301076,1909f56bfc062723c751e8b465ee728b)  -> (artifact id: 'b0c4fcce0868f3fded26f551b2f487a3') in 0.390261 seconds 
  Import took 0.396323 seconds .

========================================================================
Received Import Request.
  Time since last request: 0.000710 seconds.
  path: Assets/Oculus/SampleFramework/Core/CustomHands/Animations/r_hand_hold_generic_anim.fbx
  artifactKey: Guid(6c41a6e223fece0458162624394578d6) Importer(815301076,1909f56bfc062723c751e8b465ee728b)
Start importing Assets/Oculus/SampleFramework/Core/CustomHands/Animations/r_hand_hold_generic_anim.fbx using Guid(6c41a6e223fece0458162624394578d6) Importer(815301076,1909f56bfc062723c751e8b465ee728b)  -> (artifact id: 'f658b8001908860ee1fc4bb4e7549f9f') in 0.014164 seconds 
  Import took 0.019625 seconds .

========================================================================
Received Import Request.
  Time since last request: 0.000728 seconds.
  path: Assets/ThirdParty/Ultraleap/Tracking/Hands/Runtime/Models/GenericHand/GenericHandTransparencyMap.png
  artifactKey: Guid(e911cba1eec0c364681095f165f68321) Importer(815301076,1909f56bfc062723c751e8b465ee728b)
Start importing Assets/ThirdParty/Ultraleap/Tracking/Hands/Runtime/Models/GenericHand/GenericHandTransparencyMap.png using Guid(e911cba1eec0c364681095f165f68321) Importer(815301076,1909f56bfc062723c751e8b465ee728b)  -> (artifact id: 'bedbd30177875fa50fbbb796a6becdc8') in 0.013259 seconds 
  Import took 0.020067 seconds .

========================================================================
Received Import Request.
  Time since last request: 0.000505 seconds.
  path: Assets/Oculus/SampleFramework/Usage/HandsTrainExample/Models/TrainPalette.FBX
  artifactKey: Guid(bd0bb729cb6159b4ab21c5f62cad24ee) Importer(815301076,1909f56bfc062723c751e8b465ee728b)
Start importing Assets/Oculus/SampleFramework/Usage/HandsTrainExample/Models/TrainPalette.FBX using Guid(bd0bb729cb6159b4ab21c5f62cad24ee) Importer(815301076,1909f56bfc062723c751e8b465ee728b)  -> (artifact id: 'd9b6873511c7c2e936acda30b2044633') in 1.447506 seconds 
  Import took 1.474270 seconds .

========================================================================
Received Import Request.
  Time since last request: 0.000643 seconds.
  path: Assets/ThirdParty/Ultraleap/Tracking/Hands/Runtime/Models/GenericHand
  artifactKey: Guid(968323ffe3aa18048b58f87cd16d7089) Importer(815301076,1909f56bfc062723c751e8b465ee728b)
Start importing Assets/ThirdParty/Ultraleap/Tracking/Hands/Runtime/Models/GenericHand using Guid(968323ffe3aa18048b58f87cd16d7089) Importer(815301076,1909f56bfc062723c751e8b465ee728b)  -> (artifact id: '5d49e5b07b6bc44c637c0d33c428da4c') in 0.001177 seconds 
  Import took 0.006331 seconds .

========================================================================
Received Import Request.
  Time since last request: 0.000344 seconds.
  path: Assets/ThirdParty/Ultraleap/Tracking/Hands/Runtime/Models/GenericHand/Ghost Hand_VerticalGradient.mat
  artifactKey: Guid(d05d6fda94d4cc44aada6be889e204f1) Importer(815301076,1909f56bfc062723c751e8b465ee728b)
Start importing Assets/ThirdParty/Ultraleap/Tracking/Hands/Runtime/Models/GenericHand/Ghost Hand_VerticalGradient.mat using Guid(d05d6fda94d4cc44aada6be889e204f1) Importer(815301076,1909f56bfc062723c751e8b465ee728b)  -> (artifact id: '5c31d8a3b92e3fde810fbeffb0857c00') in 0.118125 seconds 
  Import took 0.126504 seconds .

========================================================================
Received Import Request.
  Time since last request: 0.000430 seconds.
  path: Assets/ThirdParty/Ultraleap/Tracking/Hands/Runtime/Models/GenericHand/Outline.mat
  artifactKey: Guid(205eb13c26243634c9e71c8adc6440b7) Importer(815301076,1909f56bfc062723c751e8b465ee728b)
Start importing Assets/ThirdParty/Ultraleap/Tracking/Hands/Runtime/Models/GenericHand/Outline.mat using Guid(205eb13c26243634c9e71c8adc6440b7) Importer(815301076,1909f56bfc062723c751e8b465ee728b)  -> (artifact id: '2e43877622109fef7e9e655fe4e9769a') in 0.023533 seconds 
  Import took 0.028826 seconds .

========================================================================
Received Import Request.
  Time since last request: 0.000211 seconds.
  path: Assets/ThirdParty/Ultraleap/Tracking/Hands/Runtime/Models/GenericHand/Vertical Gradient.png
  artifactKey: Guid(45fc52d35634f4747a0be335ea0380c7) Importer(815301076,1909f56bfc062723c751e8b465ee728b)
Start importing Assets/ThirdParty/Ultraleap/Tracking/Hands/Runtime/Models/GenericHand/Vertical Gradient.png using Guid(45fc52d35634f4747a0be335ea0380c7) Importer(815301076,1909f56bfc062723c751e8b465ee728b)  -> (artifact id: '21d47d6809941bafb1e9d82876f201aa') in 0.008788 seconds 
  Import took 0.013605 seconds .

========================================================================
Received Import Request.
  Time since last request: 0.000542 seconds.
  path: Assets/ThirdParty/Ultraleap/Tracking/Hands/Runtime/Models/GenericHand/Ghost Hand.mat
  artifactKey: Guid(4c1d8de22955e4a4c8dda3f54365517d) Importer(815301076,1909f56bfc062723c751e8b465ee728b)
Start importing Assets/ThirdParty/Ultraleap/Tracking/Hands/Runtime/Models/GenericHand/Ghost Hand.mat using Guid(4c1d8de22955e4a4c8dda3f54365517d) Importer(815301076,1909f56bfc062723c751e8b465ee728b)  -> (artifact id: '3d4c045e2fb8aee8e3074bd127ccc24e') in 0.013268 seconds 
  Import took 0.020090 seconds .

========================================================================
Received Import Request.
  Time since last request: 0.000309 seconds.
  path: Assets/ThirdParty/Ultraleap/Tracking/Hands/Runtime/Models/GenericHand/GenericHand.fbx
  artifactKey: Guid(4577231256ebec149ac8882d93c98cda) Importer(815301076,1909f56bfc062723c751e8b465ee728b)
Start importing Assets/ThirdParty/Ultraleap/Tracking/Hands/Runtime/Models/GenericHand/GenericHand.fbx using Guid(4577231256ebec149ac8882d93c98cda) Importer(815301076,1909f56bfc062723c751e8b465ee728b)  -> (artifact id: 'cbe83dfef58a1c68d79e719173065924') in 0.038432 seconds 
  Import took 0.043043 seconds .

========================================================================
Received Import Request.
  Time since last request: 0.000468 seconds.
  path: Assets/Oculus/SampleFramework/Core/CustomHands/Animations/l_hand_hold_generic_anim.fbx
  artifactKey: Guid(b8943b5ee74fcd945a2746d0051466cd) Importer(815301076,1909f56bfc062723c751e8b465ee728b)
Start importing Assets/Oculus/SampleFramework/Core/CustomHands/Animations/l_hand_hold_generic_anim.fbx using Guid(b8943b5ee74fcd945a2746d0051466cd) Importer(815301076,1909f56bfc062723c751e8b465ee728b)  -> (artifact id: '5ef1f53848f43b71ff454f6008ae36a5') in 0.011602 seconds 
  Import took 0.016481 seconds .

========================================================================
Received Prepare
Registering precompiled user dll's ...
Registered in 0.002780 seconds.
Begin MonoManager ReloadAssembly
Native extension for WindowsStandalone target not found
Native extension for OSXStandalone target not found
Native extension for WebGL target not found
Refreshing native plugins compatible for Editor in 1.08 ms, found 6 plugins.
Preloading 1 native plugins for Editor in 1.26 ms.
2022-06-09 10:36:57.283 Unity[1209:11306] NSEventModifierFlagFunction specified to -setKeyEquivalentModifierMask: for item <NSMenuItem: 0x600000548000 Font Asset, ke='Command-F12'>, but is only supported for system-provided menu items; will not be used
Mono: successfully reloaded assembly
- Completed reload, in  1.115 seconds
Domain Reload Profiling:
	ReloadAssembly (1115ms)
		BeginReloadAssembly (110ms)
			ExecutionOrderSort (0ms)
			DisableScriptedObjects (4ms)
			BackupInstance (0ms)
			ReleaseScriptingObjects (0ms)
			CreateAndSetChildDomain (44ms)
		EndReloadAssembly (943ms)
			LoadAssemblies (82ms)
			RebuildTransferFunctionScriptingTraits (0ms)
			SetupTypeCache (381ms)
			ReleaseScriptCaches (1ms)
			RebuildScriptCaches (50ms)
			SetupLoadedEditorAssemblies (326ms)
				LogAssemblyErrors (0ms)
				InitializePlatformSupportModulesInManaged (5ms)
				SetLoadedEditorAssemblies (1ms)
				RefreshPlugins (2ms)
				BeforeProcessingInitializeOnLoad (99ms)
				ProcessInitializeOnLoadAttributes (208ms)
				ProcessInitializeOnLoadMethodAttributes (9ms)
				AfterProcessingInitializeOnLoad (1ms)
				EditorAssembliesLoaded (0ms)
			ExecutionOrderSort2 (0ms)
			AwakeInstancesAfterBackupRestoration (6ms)
Platform modules already initialized, skipping
Shader 'Oculus/OVRMRCameraFrameLit': fallback shader 'Alpha-Diffuse' not found
Refreshing native plugins compatible for Editor in 0.96 ms, found 6 plugins.
Preloading 1 native plugins for Editor in 0.60 ms.
Unloading 2948 Unused Serialized files (Serialized files now loaded: 0)
System memory in use before: 269.1 MB.
System memory in use after: 269.0 MB.

Unloading 46 unused Assets to reduce memory usage. Loaded Objects now: 3553.
Total: 3.140998 ms (FindLiveObjects: 0.218298 ms CreateObjectMapping: 0.082178 ms MarkObjects: 2.528488 ms  DeleteObjects: 0.311094 ms)

AssetImportParameters requested are different than current active one (requested -> active):
  custom:video-decoder-ogg-theora: a1e56fd34408186e4bbccfd4996cb3dc -> 
  custom:container-muxer-webm: aa71ff27fc2769a1b78a27578f13a17b -> 
  custom:container-demuxer-webm: 4f35f7cbe854078d1ac9338744f61a02 -> 
  custom:container-demuxer-ogg: 62fdf1f143b41e24485cea50d1cbac27 -> 
  custom:video-encoder-webm-vp8: eb34c28f22e8b96e1ab97ce403110664 -> 
  custom:framework-osx-AVFoundation: e770b220cccbd017edd2c1fefb359320 -> 
  custom:video-decoder-webm-vp8: 9c59270c3fd7afecdb556c50c9e8de78 -> 
  custom:audio-decoder-ogg-vorbis: bf7c407c2cedff20999df2af8eb42d56 -> 
  custom:audio-encoder-webm-vorbis: bf7c407c2cedff20999df2af8eb42d56 -> 
========================================================================
Received Import Request.
  Time since last request: 59.079235 seconds.
  path: Assets/HandyHands/Models/Female_Hand_Humanoid.fbx
  artifactKey: Guid(ddca9c414b5d0f546978edc52cb63758) Importer(815301076,1909f56bfc062723c751e8b465ee728b)
Start importing Assets/HandyHands/Models/Female_Hand_Humanoid.fbx using Guid(ddca9c414b5d0f546978edc52cb63758) Importer(815301076,1909f56bfc062723c751e8b465ee728b)  -> (artifact id: 'd998aac84b0825022dff05b2790428b1') in 0.120261 seconds 
  Import took 0.133361 seconds .

========================================================================
Received Import Request.
  Time since last request: 0.000399 seconds.
  path: Assets/HandyHands/Models/Female_Hand_right.fbx
  artifactKey: Guid(628ede0d5b1e9a949bfb8394e9f86581) Importer(815301076,1909f56bfc062723c751e8b465ee728b)
Start importing Assets/HandyHands/Models/Female_Hand_right.fbx using Guid(628ede0d5b1e9a949bfb8394e9f86581) Importer(815301076,1909f56bfc062723c751e8b465ee728b)  -> (artifact id: '3097929de0cc4b7b105b773bab79c3c9') in 0.058787 seconds 
  Import took 0.064806 seconds .

========================================================================
Received Import Request.
  Time since last request: 1.655644 seconds.
  path: Assets/HandyHands/Models/Materials/Female_Hands.tga
  artifactKey: Guid(7dbd79756643c8d42ae475d256b04c55) Importer(815301076,1909f56bfc062723c751e8b465ee728b)
Start importing Assets/HandyHands/Models/Materials/Female_Hands.tga using Guid(7dbd79756643c8d42ae475d256b04c55) Importer(815301076,1909f56bfc062723c751e8b465ee728b)  -> (artifact id: '6394d3b8e6655c85d613ecc00cf009fe') in 1.101372 seconds 
  Import took 1.113448 seconds .

========================================================================
Received Import Request.
  Time since last request: 0.000434 seconds.
  path: Assets/HandyHands/Models/Materials/Skinramp2.tga
  artifactKey: Guid(2057263500c677943bfd18334c7a4563) Importer(815301076,1909f56bfc062723c751e8b465ee728b)
Start importing Assets/HandyHands/Models/Materials/Skinramp2.tga using Guid(2057263500c677943bfd18334c7a4563) Importer(815301076,1909f56bfc062723c751e8b465ee728b)  -> (artifact id: 'aeaeb09cbd68719e28a854cfdd220074') in 0.022321 seconds 
  Import took 0.027712 seconds .

========================================================================
Received Import Request.
  Time since last request: 0.000302 seconds.
  path: Assets/HandyHands/Models/Materials/Hands.tga
  artifactKey: Guid(879434c180b7cd8419fe0408b6366026) Importer(815301076,1909f56bfc062723c751e8b465ee728b)
Start importing Assets/HandyHands/Models/Materials/Hands.tga using Guid(879434c180b7cd8419fe0408b6366026) Importer(815301076,1909f56bfc062723c751e8b465ee728b)  -> (artifact id: '79ba962eb5e2e36737fd54fcc1fce1b9') in 0.023382 seconds 
  Import took 0.029983 seconds .

========================================================================
Received Import Request.
  Time since last request: 0.000422 seconds.
  path: Assets/HandyHands/Models/Materials/Female_Hands_normal.tga
  artifactKey: Guid(060d0a1a2265b63419cfe3cf743c5de3) Importer(815301076,1909f56bfc062723c751e8b465ee728b)
Start importing Assets/HandyHands/Models/Materials/Female_Hands_normal.tga using Guid(060d0a1a2265b63419cfe3cf743c5de3) Importer(815301076,1909f56bfc062723c751e8b465ee728b)  -> (artifact id: 'd6ec831e1c708a4a14240d6e516ae91d') in 0.057096 seconds 
  Import took 0.063901 seconds .

========================================================================
Received Import Request.
  Time since last request: 0.000457 seconds.
  path: Assets/HandyHands/Models/Materials/Hands.mat
  artifactKey: Guid(ed691a39bc5767d43ac3b04c49fa9521) Importer(815301076,1909f56bfc062723c751e8b465ee728b)
Start importing Assets/HandyHands/Models/Materials/Hands.mat using Guid(ed691a39bc5767d43ac3b04c49fa9521) Importer(815301076,1909f56bfc062723c751e8b465ee728b)  -> (artifact id: '771ba516249195aee4a1bd69ed231ecc') in 0.038662 seconds 
  Import took 0.046387 seconds .

========================================================================
Received Import Request.
  Time since last request: 0.000404 seconds.
  path: Assets/HandyHands/Models/Materials/Hands_normal.tga
  artifactKey: Guid(e59b03fa6426e6b48846d0c4ae96afa8) Importer(815301076,1909f56bfc062723c751e8b465ee728b)
Start importing Assets/HandyHands/Models/Materials/Hands_normal.tga using Guid(e59b03fa6426e6b48846d0c4ae96afa8) Importer(815301076,1909f56bfc062723c751e8b465ee728b)  -> (artifact id: 'd0e097ee35f08696c22ee000b4409390') in 0.010582 seconds 
  Import took 0.016393 seconds .

========================================================================
Received Import Request.
  Time since last request: 0.000414 seconds.
  path: Assets/HandyHands/Models/Materials/Hand_Female.mat
  artifactKey: Guid(9998db0d7bfb06b48abd56630a125250) Importer(815301076,1909f56bfc062723c751e8b465ee728b)
Start importing Assets/HandyHands/Models/Materials/Hand_Female.mat using Guid(9998db0d7bfb06b48abd56630a125250) Importer(815301076,1909f56bfc062723c751e8b465ee728b)  -> (artifact id: '8788773d2c5c63e88efcd7aa43a68cd5') in 0.018340 seconds 
  Import took 0.025731 seconds .

AssetImportWorkerClient::OnTransportError - code=2 error=End of file
