Unity Editor version:    2020.3.25f1 (9b9180224418)
Branch:                  2020.3/staging
Build type:              Release
Batch mode:              YES
macOS version:           Version 12.1 (Build 21C52)
Darwin version:          21.2.0
Architecture:            x86_64
Running under Rosetta:   NO
Available memory:        16384 MB
Using pre-set license
Pro License: NO

COMMAND LINE ARGUMENTS:
/Applications/Unity/Hub/Editor/2020.3.25f1/Unity.app/Contents/MacOS/Unity
-adb2
-batchMode
-noUpm
-name
AssetImportWorker0
-projectPath
/Users/pi/Documents/GitHub/Oculus-Ultraleap-Hand-Template
-logFile
Logs/AssetImportWorker0.log
-srvPort
49221
Successfully changed project path to: /Users/pi/Documents/GitHub/Oculus-Ultraleap-Hand-Template
/Users/pi/Documents/GitHub/Oculus-Ultraleap-Hand-Template
Using Asset Import Pipeline V2.
Refreshing native plugins compatible for Editor in 124.98 ms, found 6 plugins.
Preloading 1 native plugins for Editor in 12.45 ms.
Initialize engine version: 2020.3.25f1 (9b9180224418)
[Subsystems] Discovering subsystems at path /Applications/Unity/Hub/Editor/2020.3.25f1/Unity.app/Contents/Resources/UnitySubsystems
[Subsystems] Discovering subsystems at path /Users/pi/Documents/GitHub/Oculus-Ultraleap-Hand-Template/Assets
GfxDevice: creating device client; threaded=0
2022-06-09 10:08:26.617 Unity[1209:11306] Color LCD preferred device: Intel(R) Iris(TM) Plus Graphics (low power)
2022-06-09 10:08:26.617 Unity[1209:11306] Metal devices available: 1
2022-06-09 10:08:26.617 Unity[1209:11306] 0: Intel(R) Iris(TM) Plus Graphics (low power)
2022-06-09 10:08:26.617 Unity[1209:11306] Using device Intel(R) Iris(TM) Plus Graphics (low power)
Initializing Metal device caps: Intel(R) Iris(TM) Plus Graphics
Shader 'Oculus/OVRMRCameraFrameLit': fallback shader 'Alpha-Diffuse' not found
Initialize mono
Mono path[0] = '/Applications/Unity/Hub/Editor/2020.3.25f1/Unity.app/Contents/Managed'
Mono path[1] = '/Applications/Unity/Hub/Editor/2020.3.25f1/Unity.app/Contents/MonoBleedingEdge/lib/mono/unityjit'
Mono config path = '/Applications/Unity/Hub/Editor/2020.3.25f1/Unity.app/Contents/MonoBleedingEdge/etc'
Using monoOptions --debugger-agent=transport=dt_socket,embedding=1,server=y,suspend=n,address=127.0.0.1:56209
Begin MonoManager ReloadAssembly
Registering precompiled unity dll's ...
Register platform support module: /Applications/Unity/Hub/Editor/2020.3.25f1/PlaybackEngines/WebGLSupport/UnityEditor.WebGL.Extensions.dll
Register platform support module: /Applications/Unity/Hub/Editor/2020.3.25f1/Unity.app/Contents/PlaybackEngines/MacStandaloneSupport/UnityEditor.OSXStandalone.Extensions.dll
Register platform support module: /Applications/Unity/Hub/Editor/2020.3.25f1/PlaybackEngines/WindowsStandaloneSupport/UnityEditor.WindowsStandalone.Extensions.dll
Registered in 0.001426 seconds.
Native extension for WindowsStandalone target not found
Native extension for OSXStandalone target not found
Native extension for WebGL target not found
Refreshing native plugins compatible for Editor in 362.97 ms, found 6 plugins.
Preloading 1 native plugins for Editor in 0.84 ms.
Mono: successfully reloaded assembly
- Completed reload, in  1.572 seconds
Domain Reload Profiling:
	ReloadAssembly (1573ms)
		BeginReloadAssembly (82ms)
			ExecutionOrderSort (0ms)
			DisableScriptedObjects (0ms)
			BackupInstance (0ms)
			ReleaseScriptingObjects (0ms)
			CreateAndSetChildDomain (1ms)
		EndReloadAssembly (1315ms)
			LoadAssemblies (81ms)
			RebuildTransferFunctionScriptingTraits (0ms)
			SetupTypeCache (270ms)
			ReleaseScriptCaches (0ms)
			RebuildScriptCaches (139ms)
			SetupLoadedEditorAssemblies (686ms)
				LogAssemblyErrors (0ms)
				InitializePlatformSupportModulesInManaged (10ms)
				SetLoadedEditorAssemblies (0ms)
				RefreshPlugins (364ms)
				BeforeProcessingInitializeOnLoad (13ms)
				ProcessInitializeOnLoadAttributes (204ms)
				ProcessInitializeOnLoadMethodAttributes (95ms)
				AfterProcessingInitializeOnLoad (0ms)
				EditorAssembliesLoaded (0ms)
			ExecutionOrderSort2 (0ms)
			AwakeInstancesAfterBackupRestoration (0ms)
Platform modules already initialized, skipping
Registering precompiled user dll's ...
Registered in 0.005539 seconds.
Begin MonoManager ReloadAssembly
Native extension for WindowsStandalone target not found
Native extension for OSXStandalone target not found
Native extension for WebGL target not found
Refreshing native plugins compatible for Editor in 1.44 ms, found 6 plugins.
Preloading 1 native plugins for Editor in 0.84 ms.
Mono: successfully reloaded assembly
- Completed reload, in  1.771 seconds
Domain Reload Profiling:
	ReloadAssembly (1772ms)
		BeginReloadAssembly (198ms)
			ExecutionOrderSort (0ms)
			DisableScriptedObjects (5ms)
			BackupInstance (0ms)
			ReleaseScriptingObjects (0ms)
			CreateAndSetChildDomain (27ms)
		EndReloadAssembly (1481ms)
			LoadAssemblies (130ms)
			RebuildTransferFunctionScriptingTraits (0ms)
			SetupTypeCache (553ms)
			ReleaseScriptCaches (1ms)
			RebuildScriptCaches (121ms)
			SetupLoadedEditorAssemblies (509ms)
				LogAssemblyErrors (0ms)
				InitializePlatformSupportModulesInManaged (9ms)
				SetLoadedEditorAssemblies (1ms)
				RefreshPlugins (2ms)
				BeforeProcessingInitializeOnLoad (100ms)
				ProcessInitializeOnLoadAttributes (379ms)
				ProcessInitializeOnLoadMethodAttributes (15ms)
				AfterProcessingInitializeOnLoad (2ms)
				EditorAssembliesLoaded (0ms)
			ExecutionOrderSort2 (0ms)
			AwakeInstancesAfterBackupRestoration (12ms)
Platform modules already initialized, skipping
Validating Project structure ... 0.264815 seconds.
Shader import version has changed; will reimport all shaders...
Upgrading shader files ...0.116764 seconds.
Application.AssetDatabase Initial Script Refresh Start
RefreshInfo: InitialScriptRefreshV2(NoUpdateAssetOptions) scanfilter:  ... 1 filters
RefreshProfiler: Total: 0.000ms
Application.AssetDatabase Initial Script Refresh End
Application.AssetDatabase.Refresh Start
Application.AssetDatabase.Refresh End
RefreshInfo: StopAssetImportingV2(ForceSynchronousImport) scanfilter: 
RefreshProfiler: Total: 0.000ms
Shader 'Oculus/OVRMRCameraFrameLit': fallback shader 'Alpha-Diffuse' not found
Launching external process: /Applications/Unity/Hub/Editor/2020.3.25f1/Unity.app/Contents/Tools/UnityShaderCompiler
Launched and connected shader compiler UnityShaderCompiler after 0.01 seconds
Initializing Unity extensions:
2022-06-09 10:08:33.272 Unity[1209:11306] NSEventModifierFlagFunction specified to -setKeyEquivalentModifierMask: for item <NSMenuItem: 0x60000056f020 Font Asset, ke='Command-F12'>, but is only supported for system-provided menu items; will not be used
2022-06-09 10:08:33.288 Unity[1209:11306] NSEventModifierFlagFunction specified to -setKeyEquivalentModifierMask: for item <NSMenuItem: 0x6000005057a0 Font Asset, ke='Command-F12'>, but is only supported for system-provided menu items; will not be used
========================================================================
Worker process is ready to serve import requests
Shader 'Oculus/OVRMRCameraFrameLit': fallback shader 'Alpha-Diffuse' not found
Refreshing native plugins compatible for Editor in 1.16 ms, found 6 plugins.
Preloading 1 native plugins for Editor in 0.82 ms.
Unloading 3046 Unused Serialized files (Serialized files now loaded: 0)
System memory in use before: 238.7 MB.
System memory in use after: 237.6 MB.

Unloading 617 unused Assets to reduce memory usage. Loaded Objects now: 3502.
Total: 5.617887 ms (FindLiveObjects: 0.402516 ms CreateObjectMapping: 0.214889 ms MarkObjects: 3.914677 ms  DeleteObjects: 1.084498 ms)

AssetImportParameters requested are different than current active one (requested -> active):
  custom:video-decoder-ogg-theora: a1e56fd34408186e4bbccfd4996cb3dc -> 
  custom:container-muxer-webm: aa71ff27fc2769a1b78a27578f13a17b -> 
  custom:container-demuxer-webm: 4f35f7cbe854078d1ac9338744f61a02 -> 
  custom:container-demuxer-ogg: 62fdf1f143b41e24485cea50d1cbac27 -> 
  custom:video-encoder-webm-vp8: eb34c28f22e8b96e1ab97ce403110664 -> 
  custom:framework-osx-AVFoundation: e770b220cccbd017edd2c1fefb359320 -> 
  custom:video-decoder-webm-vp8: 9c59270c3fd7afecdb556c50c9e8de78 -> 
  custom:audio-decoder-ogg-vorbis: bf7c407c2cedff20999df2af8eb42d56 -> 
  custom:audio-encoder-webm-vorbis: bf7c407c2cedff20999df2af8eb42d56 -> 
========================================================================
Received Import Request.
  path: Assets/HandyHands
  artifactKey: Guid(028ed885ba69d0c459cf9a7de9fdc183) Importer(815301076,1909f56bfc062723c751e8b465ee728b)
Start importing Assets/HandyHands using Guid(028ed885ba69d0c459cf9a7de9fdc183) Importer(815301076,1909f56bfc062723c751e8b465ee728b)  -> (artifact id: 'e0aa8dff0e0c01e2501ca8340483dedc') in 0.007434 seconds 
  Import took 0.013780 seconds .

========================================================================
Received Import Request.
  Time since last request: 392.107907 seconds.
  path: Assets/Oculus/Interaction/Runtime/Prefabs/Debug/HandShapeSkeletalDebugVisual.prefab
  artifactKey: Guid(4b8a7a9b6cd7ab64d8c0202c46aed437) Importer(815301076,1909f56bfc062723c751e8b465ee728b)
Start importing Assets/Oculus/Interaction/Runtime/Prefabs/Debug/HandShapeSkeletalDebugVisual.prefab using Guid(4b8a7a9b6cd7ab64d8c0202c46aed437) Importer(815301076,1909f56bfc062723c751e8b465ee728b)  -> (artifact id: 'd411bf8bc110c50c863e56d3d51a53e7') in 0.191684 seconds 
  Import took 0.201056 seconds .

========================================================================
Received Import Request.
  Time since last request: 2.965037 seconds.
  path: Assets/Oculus/SampleFramework/Core/CustomHands/Models/r_hand_skeletal_lowres.fbx
  artifactKey: Guid(d0c255d07fd68f14b94e55d388e7e6bb) Importer(815301076,1909f56bfc062723c751e8b465ee728b)
Start importing Assets/Oculus/SampleFramework/Core/CustomHands/Models/r_hand_skeletal_lowres.fbx using Guid(d0c255d07fd68f14b94e55d388e7e6bb) Importer(815301076,1909f56bfc062723c751e8b465ee728b)  -> (artifact id: '66c47a1e9bede27cae19c38ef6c90019') in 0.937712 seconds 
  Import took 0.946210 seconds .

========================================================================
Received Import Request.
  Time since last request: 4.694319 seconds.
  path: Assets/Oculus/SampleFramework/Core/CustomHands/Models/l_hand_skeletal_lowres.fbx
  artifactKey: Guid(ca20b3907ff1c794cb89c1ad2cce8282) Importer(815301076,1909f56bfc062723c751e8b465ee728b)
Start importing Assets/Oculus/SampleFramework/Core/CustomHands/Models/l_hand_skeletal_lowres.fbx using Guid(ca20b3907ff1c794cb89c1ad2cce8282) Importer(815301076,1909f56bfc062723c751e8b465ee728b)  -> (artifact id: '338657055ff05309fde6d5240ca1708a') in 0.054118 seconds 
  Import took 0.060633 seconds .

========================================================================
Received Import Request.
  Time since last request: 2.754011 seconds.
  path: Assets/ThirdParty/Ultraleap/Tracking/Examples/Hands Examples/Hands (HDRP)/Prefabs/Skeleton Hands (HDRP) Variant.prefab
  artifactKey: Guid(f1147a11c44d1204aa2d0a101f94e0ef) Importer(815301076,1909f56bfc062723c751e8b465ee728b)
Start importing Assets/ThirdParty/Ultraleap/Tracking/Examples/Hands Examples/Hands (HDRP)/Prefabs/Skeleton Hands (HDRP) Variant.prefab using Guid(f1147a11c44d1204aa2d0a101f94e0ef) Importer(815301076,1909f56bfc062723c751e8b465ee728b)  -> (artifact id: 'fbf98f646094668962766c3df8277e3f') in 0.064433 seconds 
  Import took 0.074631 seconds .

========================================================================
Received Import Request.
  Time since last request: 0.832796 seconds.
  path: Assets/ThirdParty/Ultraleap/Tracking/Examples/Hands Examples/Hands (URP)/Prefabs/Skeleton Hands (URP) Variant.prefab
  artifactKey: Guid(f1a2c7a6fb148664eabf5aad36e0aafc) Importer(815301076,1909f56bfc062723c751e8b465ee728b)
Start importing Assets/ThirdParty/Ultraleap/Tracking/Examples/Hands Examples/Hands (URP)/Prefabs/Skeleton Hands (URP) Variant.prefab using Guid(f1a2c7a6fb148664eabf5aad36e0aafc) Importer(815301076,1909f56bfc062723c751e8b465ee728b)  -> (artifact id: '5f9491794e4f9acedda64f52051b5a47') in 0.053326 seconds 
  Import took 0.065548 seconds .

========================================================================
Received Import Request.
  Time since last request: 2.340309 seconds.
  path: Assets/ThirdParty/Ultraleap/Tracking/Hands/Runtime/Prefabs/SkeletonHands.prefab
  artifactKey: Guid(fa1f99719015b5649bec3f061b234469) Importer(815301076,1909f56bfc062723c751e8b465ee728b)
Start importing Assets/ThirdParty/Ultraleap/Tracking/Hands/Runtime/Prefabs/SkeletonHands.prefab using Guid(fa1f99719015b5649bec3f061b234469) Importer(815301076,1909f56bfc062723c751e8b465ee728b)  -> (artifact id: '8f60844feadb4c6cf9ee4fadc3e5255a') in 0.077481 seconds 
  Import took 0.084912 seconds .

========================================================================
Received Import Request.
  Time since last request: 6.756769 seconds.
  path: Assets/ThirdParty/Ultraleap/Tracking/Hands/Runtime/Models/Skeleton/Textures/Skeleton Arm_phong1_AlbedoTransparency.png
  artifactKey: Guid(d0c20f82e7a2417409bb113fc0ab6bc8) Importer(815301076,1909f56bfc062723c751e8b465ee728b)
Start importing Assets/ThirdParty/Ultraleap/Tracking/Hands/Runtime/Models/Skeleton/Textures/Skeleton Arm_phong1_AlbedoTransparency.png using Guid(d0c20f82e7a2417409bb113fc0ab6bc8) Importer(815301076,1909f56bfc062723c751e8b465ee728b)  -> (artifact id: 'fc7408dee50985f0407332e14c64c6cd') in 1.436415 seconds 
  Import took 1.446517 seconds .

========================================================================
Received Import Request.
  Time since last request: 0.000698 seconds.
  path: Assets/ThirdParty/Ultraleap/Tracking/Hands/Runtime/Models/Skeleton/SkeletonArm_MeshUnderBones.fbx
  artifactKey: Guid(371992c1d2372234b968dc6c00d250c8) Importer(815301076,1909f56bfc062723c751e8b465ee728b)
Start importing Assets/ThirdParty/Ultraleap/Tracking/Hands/Runtime/Models/Skeleton/SkeletonArm_MeshUnderBones.fbx using Guid(371992c1d2372234b968dc6c00d250c8) Importer(815301076,1909f56bfc062723c751e8b465ee728b)  -> (artifact id: '205b3a8601358ca4f464e3ca42980e56') in 0.192016 seconds 
  Import took 0.199563 seconds .

========================================================================
Received Import Request.
  Time since last request: 90.737967 seconds.
  path: Assets/ThirdParty/Ultraleap/Tracking/Hands/Runtime/Prefabs/CapsuleHands.prefab
  artifactKey: Guid(8163655ae6e81f149b112acc9972a9d3) Importer(815301076,1909f56bfc062723c751e8b465ee728b)
Start importing Assets/ThirdParty/Ultraleap/Tracking/Hands/Runtime/Prefabs/CapsuleHands.prefab using Guid(8163655ae6e81f149b112acc9972a9d3) Importer(815301076,1909f56bfc062723c751e8b465ee728b)  -> (artifact id: 'd204aa5e41e5c0a92c242d3fab8524e6') in 0.012152 seconds 
  Import took 0.020351 seconds .

========================================================================
Received Import Request.
  Time since last request: 0.000579 seconds.
  path: Assets/ThirdParty/Ultraleap/Tracking/Hands/Runtime/Prefabs/OutlineHands.prefab
  artifactKey: Guid(1b43d6eb40db60b419700fd2677e79c4) Importer(815301076,1909f56bfc062723c751e8b465ee728b)
Start importing Assets/ThirdParty/Ultraleap/Tracking/Hands/Runtime/Prefabs/OutlineHands.prefab using Guid(1b43d6eb40db60b419700fd2677e79c4) Importer(815301076,1909f56bfc062723c751e8b465ee728b)  -> (artifact id: '850d5360145e7ae566e360bb25c3bebe') in 0.039425 seconds 
  Import took 0.049223 seconds .

========================================================================
Received Import Request.
  Time since last request: 0.000759 seconds.
  path: Assets/ThirdParty/Ultraleap/Tracking/Hands/Runtime/Prefabs/Distort Tracking Data.prefab
  artifactKey: Guid(1ba06a717a05f0c42bd1bc0f8356feb2) Importer(815301076,1909f56bfc062723c751e8b465ee728b)
Start importing Assets/ThirdParty/Ultraleap/Tracking/Hands/Runtime/Prefabs/Distort Tracking Data.prefab using Guid(1ba06a717a05f0c42bd1bc0f8356feb2) Importer(815301076,1909f56bfc062723c751e8b465ee728b)  -> (artifact id: 'd64a1ddc385b763095adf7fc030f9572') in 0.052560 seconds 
  Import took 0.066207 seconds .

========================================================================
Received Import Request.
  Time since last request: 0.000505 seconds.
  path: Assets/ThirdParty/Ultraleap/Tracking/Hands/Runtime/Prefabs/GenericHand_Arm.prefab
  artifactKey: Guid(85bdae4f36eb5b14c9fac95aec79bf2f) Importer(815301076,1909f56bfc062723c751e8b465ee728b)
Start importing Assets/ThirdParty/Ultraleap/Tracking/Hands/Runtime/Prefabs/GenericHand_Arm.prefab using Guid(85bdae4f36eb5b14c9fac95aec79bf2f) Importer(815301076,1909f56bfc062723c751e8b465ee728b)  -> (artifact id: 'cce11ddf804f94396b5e37b86ac7da11') in 0.019157 seconds 
  Import took 0.029599 seconds .

========================================================================
Received Import Request.
  Time since last request: 0.000473 seconds.
  path: Assets/ThirdParty/Ultraleap/Tracking/Hands/Runtime/Prefabs/GhostHands.prefab
  artifactKey: Guid(e7e358565e530214c97adba8c82fedc6) Importer(815301076,1909f56bfc062723c751e8b465ee728b)
Start importing Assets/ThirdParty/Ultraleap/Tracking/Hands/Runtime/Prefabs/GhostHands.prefab using Guid(e7e358565e530214c97adba8c82fedc6) Importer(815301076,1909f56bfc062723c751e8b465ee728b)  -> (artifact id: '73ce8140224d0b95929ed161a8becf5b') in 0.027148 seconds 
  Import took 0.039476 seconds .

========================================================================
Received Import Request.
  Time since last request: 0.000512 seconds.
  path: Assets/ThirdParty/Ultraleap/Tracking/Hands/Runtime/Prefabs/LowPolyHands.prefab
  artifactKey: Guid(1d338fed0ed7df84a86c220153fbcc35) Importer(815301076,1909f56bfc062723c751e8b465ee728b)
Start importing Assets/ThirdParty/Ultraleap/Tracking/Hands/Runtime/Prefabs/LowPolyHands.prefab using Guid(1d338fed0ed7df84a86c220153fbcc35) Importer(815301076,1909f56bfc062723c751e8b465ee728b)  -> (artifact id: '2a9824aac3c23a80e29fd1eedd5863aa') in 0.027821 seconds 
  Import took 0.039860 seconds .

